node:events:491
      throw er; // Unhandled 'error' event
      ^

Error: listen EADDRINUSE: address already in use :::5000
    at Server.setupListenHandle [as _listen2] (node:net:1431:16)
    at listenInCluster (node:net:1479:12)
    at Server.listen (node:net:1567:7)
    at Function.listen (/Users/kiran/Desktop/#2P/J0IN-9/BN/node_modules/express/lib/application.js:635:24)
    at Object.<anonymous> (/Users/kiran/Desktop/#2P/J0IN-9/BN/server.js:24:5)
    at Module._compile (node:internal/modules/cjs/loader:1120:14)
    at Module._extensions..js (node:internal/modules/cjs/loader:1174:10)
    at Module.load (node:internal/modules/cjs/loader:998:32)
    at Module._load (node:internal/modules/cjs/loader:839:12)
    at Function.executeUserEntryPoint [as runMain] (node:internal/modules/run_main:81:12)
Emitted 'error' event on Server instance at:
    at emitErrorNT (node:net:1458:8)
    at process.processTicksAndRejections (node:internal/process/task_queues:82:21) {
  code: 'EADDRINUSE',
  errno: -48,
  syscall: 'listen',
  address: '::',
  port: 5000
}

Node.js v18.6.0
